"../../../Engine/Content/EditorBlueprintResources/StandardMacros.uasset" 0
"../../../Engine/Content/EngineSky/C_Sky_Cloud_Color.uasset" 1
"../../../Engine/Content/EngineSky/C_Sky_Horizon_Color.uasset" 2
"../../../Engine/Content/EngineSky/C_Sky_Zenith_Color.uasset" 3
"../../../Engine/Content/EngineSky/T_Sky_Blue.uasset" 4
"../../../Engine/Content/EngineSky/T_Sky_Clouds_M.uasset" 5
"../../../Engine/Content/EngineSky/T_Sky_Stars.uasset" 6
"../../../Engine/Content/EngineSky/SM_SkySphere.uasset" 7
"../../../Engine/Content/EngineSky/M_Sky_Panning_Clouds2.uasset" 8
"../../../Engine/Content/EngineSky/BP_Sky_Sphere.uasset" 9
"../../../ROTS_Onslaught/Content/Characters/Melee_Enemy/COBALT_Enemy_Body_diffuse.uasset" 10
"../../../ROTS_Onslaught/Content/Characters/Melee_Enemy/COBALT_Enemy_Body_normal.uasset" 11
"../../../ROTS_Onslaught/Content/Characters/Melee_Enemy/COBALT_Enemy_Body_specular.uasset" 12
"../../../ROTS_Onslaught/Content/Characters/Melee_Enemy/Bodymat.uasset" 13
"../../../ROTS_Onslaught/Content/Characters/Melee_Enemy/Bodymat_eyelashes.uasset" 14
"../../../ROTS_Onslaught/Content/Characters/Melee_Enemy/COBALT_Enemy_Bottom_diffuse.uasset" 15
"../../../ROTS_Onslaught/Content/Characters/Melee_Enemy/COBALT_Enemy_Bottom_normal.uasset" 16
"../../../ROTS_Onslaught/Content/Characters/Melee_Enemy/COBALT_Enemy_Bottom_specular.uasset" 17
"../../../ROTS_Onslaught/Content/Characters/Melee_Enemy/Bottommat.uasset" 18
"../../../ROTS_Onslaught/Content/Characters/Melee_Enemy/COBALT_Enemy_Glove_diffuse.uasset" 19
"../../../ROTS_Onslaught/Content/Characters/Melee_Enemy/COBALT_Enemy_Glove_normal.uasset" 20
"../../../ROTS_Onslaught/Content/Characters/Melee_Enemy/COBALT_Enemy_Glove_specular.uasset" 21
"../../../ROTS_Onslaught/Content/Characters/Melee_Enemy/Glovemat.uasset" 22
"../../../ROTS_Onslaught/Content/Characters/Melee_Enemy/COBALT_Enemy_Hat_diffuse.uasset" 23
"../../../ROTS_Onslaught/Content/Characters/Melee_Enemy/COBALT_Enemy_Hat_normal.uasset" 24
"../../../ROTS_Onslaught/Content/Characters/Melee_Enemy/COBALT_Enemy_Hat_specular.uasset" 25
"../../../ROTS_Onslaught/Content/Characters/Melee_Enemy/Hatmat.uasset" 26
"../../../ROTS_Onslaught/Content/Characters/Melee_Enemy/COBALT_Enemy_Mask_diffuse.uasset" 27
"../../../ROTS_Onslaught/Content/Characters/Melee_Enemy/COBALT_Enemy_Mask_normal.uasset" 28
"../../../ROTS_Onslaught/Content/Characters/Melee_Enemy/COBALT_Enemy_Mask_specular.uasset" 29
"../../../ROTS_Onslaught/Content/Characters/Melee_Enemy/Maskmat.uasset" 30
"../../../ROTS_Onslaught/Content/Characters/Melee_Enemy/COBALT_Enemy_Shoes_diffuse.uasset" 31
"../../../ROTS_Onslaught/Content/Characters/Melee_Enemy/COBALT_Enemy_Shoes_normal.uasset" 32
"../../../ROTS_Onslaught/Content/Characters/Melee_Enemy/COBALT_Enemy_Shoes_specular.uasset" 33
"../../../ROTS_Onslaught/Content/Characters/Melee_Enemy/Shoesmat.uasset" 34
"../../../ROTS_Onslaught/Content/Characters/Melee_Enemy/COBALT_Enemy_Top_diffuse.uasset" 35
"../../../ROTS_Onslaught/Content/Characters/Melee_Enemy/COBALT_Enemy_Top_normal.uasset" 36
"../../../ROTS_Onslaught/Content/Characters/Melee_Enemy/COBALT_Enemy_Top_specular.uasset" 37
"../../../ROTS_Onslaught/Content/Characters/Melee_Enemy/Topmat.uasset" 38
"../../../ROTS_Onslaught/Content/Characters/Melee_Enemy/COBALT_Enemy_PhysicsAsset.uasset" 39
"../../../ROTS_Onslaught/Content/Characters/Melee_Enemy/COBALT_Enemy.uasset" 40
"../../../ROTS_Onslaught/Content/Characters/Melee_Enemy/COBALT_Enemy_Skeleton.uasset" 41
"../../../ROTS_Onslaught/Content/Animations/Melee_Enemy/idle.uasset" 42
"../../../ROTS_Onslaught/Content/Animations/Melee_Enemy/left_strafe.uasset" 43
"../../../ROTS_Onslaught/Content/Animations/Melee_Enemy/right_strafe.uasset" 44
"../../../ROTS_Onslaught/Content/Animations/Melee_Enemy/running.uasset" 45
"../../../ROTS_Onslaught/Content/Animations/Melee_Enemy/running_backward.uasset" 46
"../../../ROTS_Onslaught/Content/Characters/Melee_Enemy/COBALT_Enemy_Blendspace.uasset" 47
"../../../ROTS_Onslaught/Content/Characters/Melee_Enemy/COBALT_Enemy_BP.uasset" 48
"../../../ROTS_Onslaught/Content/Blueprints/damageInterface.uasset" 49
"../../../ROTS_Onslaught/Content/Blueprints/EnemyAI.uasset" 50
"../../../ROTS_Onslaught/Content/Characters/Adam/Adam_Body_diffuse.uasset" 51
"../../../ROTS_Onslaught/Content/Characters/Adam/Adam_Body_normal.uasset" 52
"../../../ROTS_Onslaught/Content/Characters/Adam/Adam_Body_specular.uasset" 53
"../../../ROTS_Onslaught/Content/Characters/Adam/Bodymat.uasset" 54
"../../../ROTS_Onslaught/Content/Characters/Adam/Bodymat_eyelashes.uasset" 55
"../../../ROTS_Onslaught/Content/Characters/Adam/Adam_Bottom_diffuse.uasset" 56
"../../../ROTS_Onslaught/Content/Characters/Adam/Adam_Bottom_normal.uasset" 57
"../../../ROTS_Onslaught/Content/Characters/Adam/Adam_Bottom_specular.uasset" 58
"../../../ROTS_Onslaught/Content/Characters/Adam/Bottommat.uasset" 59
"../../../ROTS_Onslaught/Content/Characters/Adam/Adam_Glove_diffuse.uasset" 60
"../../../ROTS_Onslaught/Content/Characters/Adam/Adam_Glove_normal.uasset" 61
"../../../ROTS_Onslaught/Content/Characters/Adam/Adam_Glove_specular.uasset" 62
"../../../ROTS_Onslaught/Content/Characters/Adam/Glovemat.uasset" 63
"../../../ROTS_Onslaught/Content/Characters/Adam/Adam_Hair_diffuse.uasset" 64
"../../../ROTS_Onslaught/Content/Characters/Adam/Adam_Hair_normal.uasset" 65
"../../../ROTS_Onslaught/Content/Characters/Adam/Adam_Hair_specular.uasset" 66
"../../../ROTS_Onslaught/Content/Characters/Adam/Hairmat.uasset" 67
"../../../ROTS_Onslaught/Content/Characters/Adam/Adam_Shoes_diffuse.uasset" 68
"../../../ROTS_Onslaught/Content/Characters/Adam/Adam_Shoes_normal.uasset" 69
"../../../ROTS_Onslaught/Content/Characters/Adam/Adam_Shoes_specular.uasset" 70
"../../../ROTS_Onslaught/Content/Characters/Adam/Shoesmat.uasset" 71
"../../../ROTS_Onslaught/Content/Characters/Adam/Adam_Top_diffuse.uasset" 72
"../../../ROTS_Onslaught/Content/Characters/Adam/Adam_Top_normal.uasset" 73
"../../../ROTS_Onslaught/Content/Characters/Adam/Adam_Top_specular.uasset" 74
"../../../ROTS_Onslaught/Content/Characters/Adam/Topmat.uasset" 75
"../../../ROTS_Onslaught/Content/Characters/Adam/Adam_PhysicsAsset.uasset" 76
"../../../ROTS_Onslaught/Content/Characters/Adam/Adam.uasset" 77
"../../../ROTS_Onslaught/Content/Mesh/SK_FPGun.uasset" 78
"../../../ROTS_Onslaught/Content/Characters/Adam/Adam_Skeleton.uasset" 79
"../../../ROTS_Onslaught/Content/Animations/Adam/death_from_back_headshot.uasset" 80
"../../../ROTS_Onslaught/Content/Animations/Adam/death_from_front_headshot.uasset" 81
"../../../ROTS_Onslaught/Content/Animations/Adam/death_from_right.uasset" 82
"../../../ROTS_Onslaught/Content/Animations/Adam/death_from_the_back.uasset" 83
"../../../ROTS_Onslaught/Content/Animations/Adam/death_from_the_front.uasset" 84
"../../../ROTS_Onslaught/Content/Animations/Adam/idle.uasset" 85
"../../../ROTS_Onslaught/Content/Animations/Adam/jump_down.uasset" 86
"../../../ROTS_Onslaught/Content/Animations/Adam/run_backward.uasset" 87
"../../../ROTS_Onslaught/Content/Animations/Adam/run_backward_left.uasset" 88
"../../../ROTS_Onslaught/Content/Animations/Adam/run_backward_right.uasset" 89
"../../../ROTS_Onslaught/Content/Animations/Adam/run_forward.uasset" 90
"../../../ROTS_Onslaught/Content/Animations/Adam/run_forward_left.uasset" 91
"../../../ROTS_Onslaught/Content/Animations/Adam/run_forward_right.uasset" 92
"../../../ROTS_Onslaught/Content/Animations/Adam/run_left.uasset" 93
"../../../ROTS_Onslaught/Content/Animations/Adam/run_right.uasset" 94
"../../../ROTS_Onslaught/Content/Animations/Adam/walk_backward.uasset" 95
"../../../ROTS_Onslaught/Content/Animations/Adam/walk_backward_left.uasset" 96
"../../../ROTS_Onslaught/Content/Animations/Adam/walk_backward_right.uasset" 97
"../../../ROTS_Onslaught/Content/Animations/Adam/walk_forward.uasset" 98
"../../../ROTS_Onslaught/Content/Animations/Adam/walk_forward_left.uasset" 99
"../../../ROTS_Onslaught/Content/Animations/Adam/walk_forward_right.uasset" 100
"../../../ROTS_Onslaught/Content/Animations/Adam/walk_left.uasset" 101
"../../../ROTS_Onslaught/Content/Animations/Adam/walk_right.uasset" 102
"../../../ROTS_Onslaught/Content/Characters/Adam/Adam_BlendSpace.uasset" 103
"../../../ROTS_Onslaught/Content/Characters/Adam/Adam_Anim_BP.uasset" 104
"../../../ROTS_Onslaught/Content/Materials/Bullet_Mat.uasset" 105
"../../../Engine/Content/Functions/Engine_MaterialFunctions01/Opacity/CameraDepthFade.uasset" 106
"../../../Engine/Content/EngineMaterials/T_Default_Material_Grid_M.uasset" 107
"../../../Engine/Content/EngineMaterials/T_Default_Material_Grid_N.uasset" 108
"../../../Engine/Content/EngineMaterials/DefaultMaterial.uasset" 109
"../../../Engine/Content/BasicShapes/Sphere.uasset" 110
"../../../ROTS_Onslaught/Content/Blueprints/Bullet.uasset" 111
"../../../ROTS_Onslaught/Content/Textures/dark_widow_texture_by_nunbul-d5yuvhq.uasset" 112
"../../../ROTS_Onslaught/Content/Textures/Gunmetal_Mat.uasset" 113
"../../../ROTS_Onslaught/Content/Sounds/Gunshot.uasset" 114
"../../../ROTS_Onslaught/Content/Sounds/GunshotCue.uasset" 115
"../../../ROTS_Onslaught/Content/Blueprints/PlayerWeapon.uasset" 116
"../../../ROTS_Onslaught/Content/Blueprints/TwinStickMode.uasset" 117
"../../../ROTS_Onslaught/Content/HUD/PlayerHUD.uasset" 118
"../../../ROTS_Onslaught/Content/Blueprints/Player.uasset" 119
"../../../ROTS_Onslaught/Content/StarterContent/Textures/T_Dust_Particle_D.uasset" 120
"../../../ROTS_Onslaught/Content/StarterContent/Particles/Materials/M_Dust_Particle.uasset" 121
"../../../ROTS_Onslaught/Content/Particles/DeathSmoke.uasset" 122
"../../../ROTS_Onslaught/Content/Blueprints/Melee_Enemy.uasset" 123
"../../../ROTS_Onslaught/Content/Blueprints/EnemySpawner.uasset" 124
"../../../Engine/Content/BasicShapes/BasicShapeMaterial.uasset" 125
"../../../Engine/Content/EngineMaterials/WorldGridMaterial.uasset" 126
"../../../ROTS_Onslaught/Content/Models/Barrier/RoadBlocker2_D.uasset" 127
"../../../ROTS_Onslaught/Content/Models/Barrier/RoadBlocker2_Mat.uasset" 128
"../../../ROTS_Onslaught/Content/StarterContent/Textures/T_Brick_Clay_Beveled_D.uasset" 129
"../../../ROTS_Onslaught/Content/StarterContent/Textures/T_Brick_Clay_Beveled_M.uasset" 130
"../../../ROTS_Onslaught/Content/StarterContent/Textures/T_Brick_Clay_Beveled_N.uasset" 131
"../../../ROTS_Onslaught/Content/StarterContent/Textures/T_MacroVariation.uasset" 132
"../../../ROTS_Onslaught/Content/StarterContent/Materials/M_Brick_Clay_Beveled.uasset" 133
"../../../ROTS_Onslaught/Content/StarterContent/Textures/T_Ground_Grass_D.uasset" 134
"../../../ROTS_Onslaught/Content/StarterContent/Textures/T_Ground_Grass_N.uasset" 135
"../../../ROTS_Onslaught/Content/StarterContent/Textures/T_Perlin_Noise_M.uasset" 136
"../../../ROTS_Onslaught/Content/StarterContent/Materials/M_Ground_Grass.uasset" 137
"../../../Engine/Content/Functions/Engine_MaterialFunctions02/Utility/BlendAngleCorrectedNormals.uasset" 138
"../../../ROTS_Onslaught/Content/StarterContent/Textures/T_Water_M.uasset" 139
"../../../ROTS_Onslaught/Content/StarterContent/Textures/T_Water_N.uasset" 140
"../../../ROTS_Onslaught/Content/StarterContent/Materials/M_Water_Ocean.uasset" 141
"../../../ROTS_Onslaught/Content/StarterContent/Textures/T_Concrete_Tiles_D.uasset" 142
"../../../ROTS_Onslaught/Content/StarterContent/Textures/T_Concrete_Tiles_N.uasset" 143
"../../../ROTS_Onslaught/Content/StarterContent/Textures/T_Concrete_Tiles_Mat.uasset" 144
"../../../ROTS_Onslaught/Content/Textures/Road.uasset" 145
"../../../ROTS_Onslaught/Content/Textures/Road_Mat.uasset" 146
"../../../ROTS_Onslaught/Content/StarterContent/Materials/M_Basic_Wall.uasset" 147
"../../../ROTS_Onslaught/Content/StarterContent/Materials/M_Tunnel.uasset" 148
"../../../Engine/Content/BasicShapes/Cube.uasset" 149
"../../../Engine/Content/EngineMaterials/DefaultPhysicalMaterial.uasset" 150
"../../../Engine/Content/MapTemplates/SM_Template_Map_Floor.uasset" 151
"../../../ROTS_Onslaught/Content/Models/Barrier/unnamed.uasset" 152
"../../../ROTS_Onslaught/Content/Models/Barrier/RoadBlocker2.uasset" 153
"../../../ROTS_Onslaught/Content/Models/Building/House/body_1.uasset" 154
"../../../ROTS_Onslaught/Content/Models/Building/House/body_1_NRM.uasset" 155
"../../../ROTS_Onslaught/Content/Models/Building/House/DoorsWood0010_M_COLOR.uasset" 156
"../../../ROTS_Onslaught/Content/Models/Building/House/DoorsWood0010_M_NRM.uasset" 157
"../../../ROTS_Onslaught/Content/Models/Building/House/lambert2.uasset" 158
"../../../ROTS_Onslaught/Content/Models/Building/House/Material.uasset" 159
"../../../ROTS_Onslaught/Content/Models/Building/House/Material2.uasset" 160
"../../../ROTS_Onslaught/Content/Models/Building/House/phong2.uasset" 161
"../../../ROTS_Onslaught/Content/Models/Building/House/roof_1.uasset" 162
"../../../ROTS_Onslaught/Content/Models/Building/House/roof_1_NRM.uasset" 163
"../../../ROTS_Onslaught/Content/Models/Building/House/roof_1_SPEC.uasset" 164
"../../../ROTS_Onslaught/Content/Models/Building/House/phong3.uasset" 165
"../../../ROTS_Onslaught/Content/Models/Building/House/Scene_Material.uasset" 166
"../../../ROTS_Onslaught/Content/Models/Building/House/house_of_wood_1.uasset" 167
"../../../ROTS_Onslaught/Content/Models/Vehicles/Truck/base_btr.uasset" 168
"../../../ROTS_Onslaught/Content/Models/Vehicles/Truck/chrome.uasset" 169
"../../../ROTS_Onslaught/Content/Models/Vehicles/Truck/gl1.uasset" 170
"../../../ROTS_Onslaught/Content/Models/Vehicles/Truck/gl2.uasset" 171
"../../../ROTS_Onslaught/Content/Models/Vehicles/Truck/wheel_btr80.uasset" 172
"../../../ROTS_Onslaught/Content/Models/Vehicles/Truck/zerc.uasset" 173
"../../../ROTS_Onslaught/Content/Models/Vehicles/Truck/BTR80A.uasset" 174
"../../../ROTS_Onslaught/Content/Sounds/GameMusic.uasset" 175
"../../../ROTS_Onslaught/Content/Sounds/GameCue.uasset" 176
"../../../ROTS_Onslaught/Content/StarterContent/Textures/T_Detail_Rocky_N.uasset" 177
"../../../ROTS_Onslaught/Content/StarterContent/Textures/T_Rock_Basalt_D.uasset" 178
"../../../ROTS_Onslaught/Content/StarterContent/Textures/T_RockMesh_M.uasset" 179
"../../../ROTS_Onslaught/Content/StarterContent/Textures/T_RockMesh_N.uasset" 180
"../../../ROTS_Onslaught/Content/StarterContent/Props/Materials/M_Rock.uasset" 181
"../../../ROTS_Onslaught/Content/StarterContent/Props/SM_Rock.uasset" 182
"../../../ROTS_Onslaught/Content/Levels/GrassArena.umap" 183
"../../../ROTS_Onslaught/Content/HUD/img1.uasset" 184
"../../../ROTS_Onslaught/Content/HUD/img2.uasset" 185
"../../../ROTS_Onslaught/Content/HUD/img3.uasset" 186
"../../../ROTS_Onslaught/Content/HUD/img4.uasset" 187
"../../../ROTS_Onslaught/Content/HUD/img5.uasset" 188
"../../../ROTS_Onslaught/Content/HUD/MainMenu.uasset" 189
"../../../ROTS_Onslaught/Content/Sounds/MenuMusic.uasset" 190
"../../../ROTS_Onslaught/Content/Sounds/MenuCue.uasset" 191
"../../../ROTS_Onslaught/Content/Levels/Main.umap" 192
"../../../Engine/Content/EngineFonts/Roboto.uasset" 193
"../../../Engine/Content/Functions/Engine_MaterialFunctions01/Shading/PowerToRoughness.uasset" 194
"../../../Engine/Content/EngineMaterials/DefaultDiffuse.uasset" 195
"../../../Engine/Content/EngineMaterials/DefaultDeferredDecalMaterial.uasset" 196
"../../../Engine/Content/EngineMaterials/DefaultLightFunctionMaterial.uasset" 197
"../../../Engine/Content/Functions/Engine_MaterialFunctions02/Utility/BreakOutFloat2Components.uasset" 198
"../../../Engine/Content/EngineMaterials/DefaultPostProcessMaterial.uasset" 199
"../../../Engine/Content/EngineResources/DefaultTexture.uasset" 200
"../../../Engine/Content/Functions/Engine_MaterialFunctions02/Texturing/ScreenAlignedUVs.uasset" 201
"../../../Engine/Content/EngineResources/WhiteSquareTexture.uasset" 202
"../../../Engine/Content/EngineMaterials/Widget3DPassThrough.uasset" 203
"../../../Engine/Content/EngineMaterials/Widget3DPassThrough_Translucent.uasset" 204
"../../../Engine/Content/EngineMaterials/Widget3DPassThrough_Translucent_OneSided.uasset" 205
"../../../Engine/Content/EngineMaterials/Widget3DPassThrough_Opaque.uasset" 206
"../../../Engine/Content/EngineMaterials/Widget3DPassThrough_Opaque_OneSided.uasset" 207
"../../../Engine/Content/EngineMaterials/Widget3DPassThrough_Masked.uasset" 208
"../../../Engine/Content/EngineMaterials/Widget3DPassThrough_Masked_OneSided.uasset" 209
"../../../Engine/Content/EditorResources/S_Actor.uasset" 210
"../../../Engine/Content/EditorResources/S_Emitter.uasset" 211
"../../../Engine/Content/EditorResources/Bad.uasset" 212
"../../../Engine/Content/EditorResources/Bkgnd.uasset" 213
"../../../Engine/Content/EditorResources/BkgndHi.uasset" 214
"../../../Engine/Content/EditorMeshes/EditorCube.uasset" 215
"../../../Engine/Content/EditorMeshes/EditorSphere.uasset" 216
"../../../Engine/Content/EditorMeshes/EditorPlane.uasset" 217
"../../../Engine/Content/EditorMeshes/EditorCylinder.uasset" 218
"../../../Engine/Content/Maps/Templates/Thumbnails/Default.uasset" 219
"../../../Engine/Content/EditorMaterials/Thumbnails/SkySphereMaterial.uasset" 220
"../../../Engine/Content/EditorMeshes/EditorSkySphere.uasset" 221
"../../../Engine/Content/EngineMaterials/Grid.uasset" 222
"../../../Engine/Content/EditorMaterials/Thumbnails/FloorPlaneMaterial.uasset" 223
"../../../Engine/Content/MapTemplates/Sky/DaylightAmbientCubemap.uasset" 224
"../../../Engine/Content/EditorMaterials/ParticleSystems/PSysThumbnail_NoImage.uasset" 225
"../../../Engine/Content/EditorMaterials/ParticleSystems/PSysThumbnail_OOD.uasset" 226
"../../../Engine/Content/EditorResources/S_DecalActorIcon.uasset" 227
"../../../Engine/Content/EditorLandscapeResources/LandscapeGizmo_Mat.uasset" 228
"../../../Engine/Content/EditorLandscapeResources/LandscapeGizmo_Mat_Copied.uasset" 229
"../../../Engine/Content/EditorLandscapeResources/LandscapeGizmoHeight_Mat.uasset" 230
"../../../Engine/Content/EditorLandscapeResources/DataLayer.uasset" 231
"../../../Engine/Content/EditorResources/S_Terrain.uasset" 232
"../../../Engine/Content/EditorLandscapeResources/SplineEditorMeshMat.uasset" 233
"../../../Engine/Content/EditorLandscapeResources/SplineEditorMesh.uasset" 234
"../../../Engine/Content/EditorResources/MatineeCam_D.uasset" 235
"../../../Engine/Content/EditorMaterials/MatineeCam_mat.uasset" 236
"../../../Engine/Content/EditorMeshes/MatineeCam_SM.uasset" 237
"../../../Engine/Content/Functions/Engine_MaterialFunctions02/Utility/Sign.uasset" 238
"../../../Engine/Content/Functions/Engine_MaterialFunctions02/Utility/Round.uasset" 239
"../../../Engine/Content/Functions/Engine_MaterialFunctions02/ExampleContent/Textures/flipbook.uasset" 240
"../../../Engine/Content/Functions/Engine_MaterialFunctions02/Texturing/FlipBook.uasset" 241
"../../../Engine/Content/EditorResources/T_EditorHelp.uasset" 242
"../../../Engine/Content/EditorMaterials/HelpActorMaterial.uasset" 243
"../../../Engine/Content/EditorResources/S_ExpoHeightFog.uasset" 244
"../../../Engine/Content/EditorResources/S_NavP.uasset" 245
"../../../Engine/Content/EditorResources/S_Player.uasset" 246
"../../../Engine/Content/EditorResources/LightIcons/SkyLight.uasset" 247
"../../../Engine/Content/EditorResources/S_WindDirectional.uasset" 248
"../../../Engine/Content/EngineDamageTypes/DmgTypeBP_Environmental.uasset" 249
"../../../Engine/Content/EditorResources/LightIcons/S_LightDirectional.uasset" 250
"../../../Engine/Content/EditorResources/LightIcons/S_LightDirectionalMove.uasset" 251
"../../../Engine/Content/EditorResources/LightIcons/S_LightPoint.uasset" 252
"../../../Engine/Content/EditorResources/LightIcons/S_LightPointMove.uasset" 253
"../../../Engine/Content/EditorResources/LightIcons/S_LightSpot.uasset" 254
"../../../Engine/Content/EditorResources/LightIcons/S_LightSpotMove.uasset" 255
"../../../Engine/Content/EditorResources/MatInstActSprite.uasset" 256
"../../../Engine/Content/EditorResources/SceneManager.uasset" 257
"../../../Engine/Content/EditorResources/AI/S_NavLink.uasset" 258
"../../../Engine/Content/EditorResources/S_Note.uasset" 259
"../../../Engine/Content/EngineMeshes/Sphere.uasset" 260
"../../../Engine/Content/EditorResources/S_ReflActorIcon.uasset" 261
"../../../Engine/Content/EditorResources/S_Thruster.uasset" 262
"../../../Engine/Content/EditorResources/S_RadForce.uasset" 263
"../../../Engine/Content/EditorMaterials/TargetIcon.uasset" 264
"../../../Engine/Content/EngineFonts/RobotoDistanceField.uasset" 265
"../../../Engine/Content/EngineMaterials/DefaultTextMaterialOpaque.uasset" 266
"../../../Engine/Content/EditorResources/S_TextRenderActorIcon.uasset" 267
"../../../Engine/Content/EditorResources/S_Trigger.uasset" 268
"../../../Engine/Content/EditorResources/S_VectorFieldVol.uasset" 269
"../../../Engine/Content/EngineResources/GradientTexture0.uasset" 270
"../../../Engine/Content/EngineResources/Black.uasset" 271
"../../../Engine/Content/EditorMaterials/MatineeGroups/MAT_Groups_Float.uasset" 272
"../../../Engine/Content/EditorMaterials/MatineeGroups/MAT_Groups_Director.uasset" 273
"../../../Engine/Content/EditorMaterials/MatineeGroups/MAT_Groups_Event.uasset" 274
"../../../Engine/Content/EditorMaterials/MatineeGroups/MAT_Groups_Anim.uasset" 275
"../../../Engine/Content/EditorMaterials/MatineeGroups/MAT_Groups_Fade.uasset" 276
"../../../Engine/Content/EditorMaterials/MatineeGroups/MAT_Groups_Move.uasset" 277
"../../../Engine/Content/EditorMaterials/MatineeGroups/MAT_Groups_Slomo.uasset" 278
"../../../Engine/Content/EditorMaterials/MatineeGroups/MAT_ColorTrack.uasset" 279
"../../../Engine/Content/EditorMaterials/MAT_Groups_Toggle.uasset" 280
"../../../Engine/Content/EditorMaterials/MatineeGroups/MAT_Groups_AudioMaster.uasset" 281
"../../../Engine/Content/EditorMaterials/MatineeGroups/MAT_Groups_Sound.uasset" 282
"../../../Engine/Content/EditorMaterials/MatineeGroups/MAT_Groups_Vector.uasset" 283
"../../../Engine/Content/EditorMaterials/MAT_Groups_Visibility.uasset" 284
"../../../Engine/Content/EngineResources/DefaultTextureCube.uasset" 285
"../../../Engine/Content/EngineMeshes/Cylinder.uasset" 286
"../../../Engine/Content/EngineTireTypes/DefaultTireType.uasset" 287
"../../../Engine/Content/EditorResources/S_FTest.uasset" 288
"../../../Engine/Content/EngineResources/AICON-Red.uasset" 289
"../../../Engine/Content/EngineResources/AICON-Green.uasset" 290
"../../../Engine/Plugins/2D/Paper2D/Content/PlaceholderTextures/DummySpriteTexture.uasset" 291
"../../../Engine/Plugins/2D/Paper2D/Content/DefaultSpriteMaterial.uasset" 292
"../../../Engine/Plugins/2D/Paper2D/Content/MaskedUnlitSpriteMaterial.uasset" 293
"../../../Engine/Plugins/2D/Paper2D/Content/OpaqueUnlitSpriteMaterial.uasset" 294
"../../../Engine/Plugins/2D/Paper2D/Content/DummySprite.uasset" 295
"../../../Engine/Plugins/2D/Paper2D/Content/DefaultPaperTerrainMaterial.uasset" 296
"../../../Engine/Content/EditorSounds/Notifications/CompileSuccess.uasset" 297
"../../../Engine/Content/EditorSounds/Notifications/CompileStart_Cue.uasset" 298
"../../../Engine/Content/EditorSounds/Notifications/CompileSuccess_Cue.uasset" 299
"../../../Engine/Content/EditorSounds/Notifications/CompileFailed.uasset" 300
"../../../Engine/Content/EditorSounds/Notifications/CompileFailed_Cue.uasset" 301
"../../../Engine/Content/BufferVisualization/BaseColor.uasset" 302
"../../../Engine/Content/BufferVisualization/CustomDepth.uasset" 303
"../../../Engine/Content/Functions/Engine_MaterialFunctions02/Utility/MakeFloat2.uasset" 304
"../../../Engine/Content/Functions/Engine_MaterialFunctions02/Utility/MakeFloat3.uasset" 305
"../../../Engine/Content/EngineMaterials/MiniFont.uasset" 306
"../../../Engine/Content/BufferVisualization/CustomStencil.uasset" 307
"../../../Engine/Content/BufferVisualization/DecalMask.uasset" 308
"../../../Engine/Content/BufferVisualization/FinalImage.uasset" 309
"../../../Engine/Content/BufferVisualization/LightingModel.uasset" 310
"../../../Engine/Content/BufferVisualization/MaterialAO.uasset" 311
"../../../Engine/Content/BufferVisualization/Metallic.uasset" 312
"../../../Engine/Content/BufferVisualization/Opacity.uasset" 313
"../../../Engine/Content/BufferVisualization/Roughness.uasset" 314
"../../../Engine/Content/BufferVisualization/SceneColor.uasset" 315
"../../../Engine/Content/BufferVisualization/SceneDepth.uasset" 316
"../../../Engine/Content/BufferVisualization/SeparateTranslucencyRGB.uasset" 317
"../../../Engine/Content/BufferVisualization/SeparateTranslucencyA.uasset" 318
"../../../Engine/Content/BufferVisualization/Specular.uasset" 319
"../../../Engine/Content/BufferVisualization/SubsurfaceColor.uasset" 320
"../../../Engine/Content/BufferVisualization/WorldNormal.uasset" 321
"../../../Engine/Content/BufferVisualization/AmbientOcclusion.uasset" 322
"../../../Engine/Content/Functions/Engine_MaterialFunctions02/Utility/VectorLength.uasset" 323
"../../../Engine/Content/BufferVisualization/CustomDepthWorldUnits.uasset" 324
"../../../Engine/Content/BufferVisualization/SceneDepthWorldUnits.uasset" 325
"../../../Engine/Plugins/Runtime/LeapMotionController/Content/LM_CapsuleMesh.uasset" 326
"../../../Engine/Plugins/Runtime/LeapMotionController/Content/LM_TorusMesh.uasset" 327
"../../../Engine/Plugins/Runtime/LeapMotionController/Content/LM_HandColor.uasset" 328
"../../../Engine/Plugins/Runtime/LeapMotionController/Content/LM_SampleDistortion.uasset" 329
"../../../Engine/Plugins/Runtime/LeapMotionController/Content/LM_TestTexture.uasset" 330
"../../../Engine/Plugins/Runtime/LeapMotionController/Content/LM_PassthroughMaterial.uasset" 331
"../../../Engine/Content/EngineMaterials/HighResolutionScreenshotMaskFunction.uasset" 332
"../../../Engine/Content/EngineMaterials/HighResScreenshot.uasset" 333
"../../../Engine/Content/EngineMaterials/HighResScreenshotMask.uasset" 334
"../../../Engine/Content/EngineMaterials/HighResScreenshotCaptureRegion.uasset" 335
"../../../Engine/Content/EngineDebugMaterials/WireframeMaterial.uasset" 336
"../../../Engine/Content/Functions/Engine_MaterialFunctions01/Shading/ConvertFromDiffSpec.uasset" 337
"../../../Engine/Content/EngineDebugMaterials/LevelColorationLitMaterial.uasset" 338
"../../../Engine/Content/EngineDebugMaterials/LevelColorationUnlitMaterial.uasset" 339
"../../../Engine/Content/EngineMaterials/DefaultWhiteGrid.uasset" 340
"../../../Engine/Content/EngineDebugMaterials/MAT_LevelColorationLitLightmapUV.uasset" 341
"../../../Engine/Content/EngineDebugMaterials/ShadedLevelColorationLitMaterial.uasset" 342
"../../../Engine/Content/EngineDebugMaterials/ShadedLevelColorationUnlitMateri.uasset" 343
"../../../Engine/Content/EngineDebugMaterials/VertexColorMaterial.uasset" 344
"../../../Engine/Content/EngineDebugMaterials/VertexColorViewMode_ColorOnly.uasset" 345
"../../../Engine/Content/EngineDebugMaterials/VertexColorViewMode_AlphaAsColor.uasset" 346
"../../../Engine/Content/EngineDebugMaterials/VertexColorViewMode_RedOnly.uasset" 347
"../../../Engine/Content/EngineDebugMaterials/VertexColorViewMode_GreenOnly.uasset" 348
"../../../Engine/Content/EngineDebugMaterials/VertexColorViewMode_BlueOnly.uasset" 349
"../../../Engine/Content/EngineMaterials/RemoveSurfaceMaterial.uasset" 350
"../../../Engine/Content/EngineDebugMaterials/DebugMeshMaterial.uasset" 351
"../../../Engine/Content/EngineMaterials/InvalidLightmapSettings.uasset" 352
"../../../Engine/Content/EngineMaterials/M_InvalidLightmapSettings.uasset" 353
"../../../Engine/Content/EditorMaterials/GizmoMaterial.uasset" 354
"../../../Engine/Content/EngineDebugMaterials/GeomMaterial.uasset" 355
"../../../Engine/Content/EngineMaterials/EditorBrushMaterial.uasset" 356
"../../../Engine/Content/EngineDebugMaterials/HeatmapGradient.uasset" 357
"../../../Engine/Content/EngineDebugMaterials/BoneWeightMaterial.uasset" 358
"../../../Engine/Content/EditorMaterials/PreviewShadowIndicator.uasset" 359
"../../../Engine/Content/EditorMaterials/PreviewShadowIndicatorMaterial.uasset" 360
"../../../Engine/Content/EditorMaterials/PhAT_JointLimitMaterial.uasset" 361
"../../../Engine/Content/EditorResources/BSPVertex.uasset" 362
"../../../Engine/Content/EngineMaterials/Good64x64TilingNoiseHighFreq.uasset" 363
"../../../Engine/Content/EngineMaterials/DefaultBokeh.uasset" 364
"../../../Engine/Content/EngineMaterials/PreintegratedSkinBRDF.uasset" 365
"../../../Engine/Content/EngineMaterials/WeightMapPlaceholderTexture.uasset" 366
"../../../Engine/Content/EngineFonts/RobotoTiny.uasset" 367
"../../../Engine/Content/Tutorial/Basics/LevelEditorAttract.uasset" 368
"../../../Engine/Content/Tutorial/Landscape/TutorialAssets/Landscape.uasset" 369
"../../../Engine/Content/Tutorial/Landscape/Landscape_Manage_Mode.uasset" 370
"../../../Engine/Content/Tutorial/ContentIntroCurve.uasset" 371
"../../../Engine/Content/EditorMaterials/Cross.uasset" 372
"../../../Engine/Content/EditorMaterials/Cross_Mat.uasset" 373
"../../../Engine/Content/EditorMaterials/PhAT_BoneSelectedMaterial.uasset" 374
"../../../Engine/Content/EditorMaterials/PhAT_ElemSelectedMaterial.uasset" 375
"../../../Engine/Content/EditorMaterials/PhAT_NoCollisionMaterial.uasset" 376
"../../../Engine/Content/EditorMaterials/PhAT_UnselectedMaterial.uasset" 377
"../../../Engine/Content/EditorMaterials/Tick.uasset" 378
"../../../Engine/Content/EditorMaterials/Tick_Mat.uasset" 379
"../../../Engine/Content/EditorMaterials/WidgetGridVertexColorMaterial.uasset" 380
"../../../Engine/Content/EditorMaterials/WidgetGridVertexColorMaterial_Ma.uasset" 381
"../../../Engine/Content/EditorMaterials/WidgetMaterial.uasset" 382
"../../../Engine/Content/EditorMaterials/WidgetMaterial_Current.uasset" 383
"../../../Engine/Content/EditorMaterials/WidgetMaterial_X.uasset" 384
"../../../Engine/Content/EditorMaterials/WidgetMaterial_Y.uasset" 385
"../../../Engine/Content/EditorMaterials/WidgetMaterial_Z.uasset" 386
"../../../Engine/Content/EditorMaterials/WidgetVertexColorMaterial.uasset" 387
"../../../Engine/Content/EditorMaterials/CompositeARGBLayer.uasset" 388
"../../../Engine/Content/EditorMaterials/TilingAALineIntegral.uasset" 389
"../../../Engine/Content/EditorMaterials/TilingAALineBoxFiltered.uasset" 390
"../../../Engine/Content/Functions/Engine_MaterialFunctions03/Procedurals/ComputeFilterWidth.uasset" 391
"../../../Engine/Content/EditorMaterials/TilingAADots.uasset" 392
"../../../Engine/Content/EditorMaterials/Cascade/CASC_Cross.uasset" 393
"../../../Engine/Content/EditorMaterials/Cascade/CASC_None.uasset" 394
"../../../Engine/Content/Functions/Engine_MaterialFunctions03/Blends/Blend_Screen.uasset" 395
"../../../Engine/Content/EditorMaterials/TilingAAGrid.uasset" 396
"../../../Engine/Content/EditorMaterials/LevelGridMaterial.uasset" 397
"../../../Engine/Content/EditorResources/SmallFont.uasset" 398
"../../../Engine/Content/EditorResources/S_KBSJoint.uasset" 399
"../../../Engine/Content/EditorResources/S_KHinge.uasset" 400
"../../../Engine/Content/EditorResources/S_KPrismatic.uasset" 401
"../../../Engine/Content/EditorResources/LightIcons/S_LightError.uasset" 402
"../../../Engine/Content/EditorResources/Spline/T_Loft_Spline.uasset" 403
"../../../Engine/Content/EngineMaterials/BlinkingCaret.uasset" 404
"../../../Engine/Content/EngineMaterials/DefaultNormal.uasset" 405
"../../../Engine/Content/EngineMaterials/Grid_N.uasset" 406
"../../../Engine/Content/EngineMaterials/LandscapeHolePhysicalMaterial.uasset" 407
"../../../Engine/Content/EngineMaterials/PaperDiffuse.uasset" 408
"../../../Engine/Content/EngineMaterials/PaperNormal.uasset" 409
"../../../Engine/Content/EngineMaterials/PhysMat_Rubber.uasset" 410
"../../../Engine/Content/EngineFonts/SmallFont.uasset" 411
"../../../Engine/Content/EngineFonts/TinyFont.uasset" 412
"../../../Engine/Content/EngineResources/StreamingPauseIcon.uasset" 413
"../../../Engine/Content/EngineResources/M_StreamingPause.uasset" 414
"../../../Engine/Content/EditorLandscapeResources/DefaultAlphaTexture.uasset" 415
"../../../Engine/Content/EditorResources/EmptyActor.uasset" 416
"../../../Engine/Content/MobileResources/T_MobileControls_texture.uasset" 417
"../../../Engine/Content/MobileResources/HUD/AnalogHat.uasset" 418
"../../../Engine/Content/MobileResources/HUD/VirtualJoystick_Background.uasset" 419
"../../../Engine/Content/MobileResources/HUD/VirtualJoystick_Thumb.uasset" 420
"../../../Engine/Content/MobileResources/HUD/DefaultVirtualJoysticks.uasset" 421
"../../../Engine/Content/MobileResources/HUD/MobileHUDButton1_off.uasset" 422
"../../../Engine/Content/MobileResources/HUD/MobileHUDButton3.uasset" 423
"../../../Engine/Content/MobileResources/HUD/MobileHUDDirectionPad3.uasset" 424
"../../../Engine/Content/ArtTools/RenderToTexture/Enums/RenderToTexture_Imposter_Enum.uasset" 425
"../../../Engine/Content/ArtTools/RenderToTexture/Enums/RenderToTexture_Flipbook_Enum.uasset" 426
"../../../Engine/Content/ArtTools/RenderToTexture/Enums/RenderToTexture_Enum.uasset" 427
"../../../Engine/Content/Tutorial/BlueprintTutorials/TutorialAssets/Tutorial_BP_MacroLib.uasset" 428
"../../../Engine/Content/EditorBlueprintResources/ActorMacros.uasset" 429
"../../../Engine/Content/EditorSounds/GamePreview/EndPlayInEditor.uasset" 430
"../../../Engine/Content/EditorSounds/GamePreview/EndPlayInEditor_Cue.uasset" 431
"../../../Engine/Content/ArtTools/RenderToTexture/Enums/EFloatTypes.uasset" 432
"../../../Engine/Content/ArtTools/RenderToTexture/Macros/RenderToTextureMacros.uasset" 433
"../../../Engine/Content/BasicShapes/Cylinder.uasset" 434
"../../../Engine/Content/BasicShapes/Cone.uasset" 435
"../../../Engine/Content/Tutorial/Basics/TutorialAssets/icon_tab_Levels_40x.uasset" 436
"../../../Engine/Content/Tutorial/Basics/LevelEditorOverview.uasset" 437
"../../../Engine/Content/EditorMaterials/MakeCompositeARGBLayer.uasset" 438
"../../../Engine/Content/EditorResources/LevelGrid1DStripes.uasset" 439
"../../../Engine/Content/EditorMaterials/TextureGridCascaded1D.uasset" 440
"../../../Engine/Content/EditorMaterials/TextureGridCascaded2D.uasset" 441
"../../../Engine/Content/EditorMaterials/LevelGridMaterial2.uasset" 442
"../../../Engine/Content/Tutorial/BlueprintTutorials/TutorialAssets/Blueprint_64x.uasset" 443
"../../../Engine/Content/Tutorial/BlueprintTutorials/LevelBlueprintEditorOverview.uasset" 444
"../../../Engine/Content/EditorSounds/GamePreview/StartPlayInEditor.uasset" 445
"../../../Engine/Content/EditorSounds/GamePreview/StartPlayInEditor_Cue.uasset" 446
"../../../Engine/Content/MobileResources/HUD/T_Castle_ThumbstickOutter.uasset" 447
"../../../Engine/Content/MobileResources/HUD/MobileHUDButton1_on.uasset" 448
"../../../Engine/Content/MobileResources/HUD/MobileHUDButton2_on.uasset" 449
"../../../Engine/Content/MobileResources/HUD/MobileHUDButtonFire.uasset" 450
"../../../Engine/Content/MobileResources/HUD/MobileHUDDirectionPad2.uasset" 451
"../../../Engine/Content/MobileResources/HUD/MobileHUDDirectionStick.uasset" 452
"../../../Engine/Content/MobileResources/HUD/MobileHUDButton2_off.uasset" 453
"../../../Engine/Content/MobileResources/HUD/T_Castle_ThumbstickInner.uasset" 454
"../../../Engine/Content/MobileResources/T_MobileMenu2.uasset" 455
"../../../Engine/Content/MobileResources/HUD/LeftVirtualJoystickOnly.uasset" 456
"../../../Engine/Content/MobileResources/HUD/MobileHUDDirectionPad.uasset" 457
"../../../Engine/Content/Tutorial/BlueprintTutorials/BlueprintEditorTutorial.uasset" 458
